<?xml version="1.0" encoding="UTF-8"?>
<!-- Generated by org.testng.reporters.JUnitXMLReporter -->
<testsuite hostname="DOLAP146" ignored="0" name="Default test" tests="2" failures="0" timestamp="07 Jan 2019 12:41:33 GMT" time="114.051" errors="0">
  <testcase name="getQuoteWithAllFieldBlank" time="17.399" classname="tests.ShipmentSummaryFunctionalTest"/>
  <testcase name="getQuoteFunctionalityTest" time="73.693" classname="tests.ShipmentSummaryFunctionalTest"/>
</testsuite> <!-- Default test -->
