<?xml version="1.0" encoding="UTF-8"?>
<!-- Generated by org.testng.reporters.JUnitXMLReporter -->
<testsuite hostname="DOSYSNETS081" ignored="0" name="Default test" tests="2" failures="0" timestamp="04 Feb 2019 11:01:37 GMT" time="137.204" errors="0">
  <testcase name="getQuoteWithAllFieldBlank" time="17.851" classname="tests.ShipmentSummaryFunctionalTest"/>
  <testcase name="getQuoteFunctionalityTest" time="84.473" classname="tests.ShipmentSummaryFunctionalTest"/>
</testsuite> <!-- Default test -->
