<?xml version="1.0" encoding="UTF-8"?>
<!-- Generated by org.testng.reporters.JUnitXMLReporter -->
<testsuite hostname="DOLAP146" ignored="0" name="DestinationSection" tests="3" failures="0" timestamp="29 Jan 2019 09:59:04 GMT" time="63.414" errors="0">
  <testcase name="destinationZipValidation" time="17.968" classname="tests.DestinationDetailsValidationTests"/>
  <testcase name="originCityValidation" time="8.587" classname="tests.DestinationDetailsValidationTests"/>
  <testcase name="originStateCountryValidation" time="7.915" classname="tests.DestinationDetailsValidationTests"/>
</testsuite> <!-- DestinationSection -->
