<?xml version="1.0" encoding="UTF-8"?>
<!-- Generated by org.testng.reporters.JUnitXMLReporter -->
<testsuite hostname="DOSYSNETS081" ignored="0" name="DestinationSection" tests="3" failures="0" timestamp="04 Feb 2019 11:23:11 GMT" time="92.124" errors="0">
  <testcase name="destinationZipValidation" time="18.264" classname="tests.DestinationDetailsValidationTests"/>
  <testcase name="originCityValidation" time="8.731" classname="tests.DestinationDetailsValidationTests"/>
  <testcase name="originStateCountryValidation" time="8.174" classname="tests.DestinationDetailsValidationTests"/>
</testsuite> <!-- DestinationSection -->
