<?xml version="1.0" encoding="UTF-8"?>
<!-- Generated by org.testng.reporters.JUnitXMLReporter -->
<testsuite hostname="DOSYSNETS081" ignored="0" name="ItemAdditionDeletion" tests="4" failures="0" timestamp="04 Feb 2019 11:37:22 GMT" time="166.123" errors="0">
  <testcase name="verifyAddItemBtn" time="3.162" classname="tests.ItemAddDeleteFunctionalityTests"/>
  <testcase name="clickAddItemOnce" time="7.546" classname="tests.ItemAddDeleteFunctionalityTests"/>
  <testcase name="clickAdd5times" time="20.514" classname="tests.ItemAddDeleteFunctionalityTests"/>
  <testcase name="deleteItemFunctionality" time="72.633" classname="tests.ItemAddDeleteFunctionalityTests"/>
</testsuite> <!-- ItemAdditionDeletion -->
