<?xml version="1.0" encoding="UTF-8"?>
<!-- Generated by org.testng.reporters.JUnitXMLReporter -->
<testsuite hostname="DOLAP146" ignored="0" name="ItemDetailsSection" tests="15" failures="0" timestamp="29 Jan 2019 10:07:31 GMT" time="425.916" errors="0">
  <testcase name="validQuantityFieldValidation" time="19.909" classname="tests.ItemDetailsTests"/>
  <testcase name="invalidQuantityFieldValidations" time="15.889" classname="tests.ItemDetailsTests"/>
  <testcase name="packagingTypeValidation" time="7.882" classname="tests.ItemDetailsTests"/>
  <testcase name="classFieldValidation" time="7.847" classname="tests.ItemDetailsTests"/>
  <testcase name="stackableFieldValidation" time="7.44" classname="tests.ItemDetailsTests"/>
  <testcase name="validLengthFieldValidation" time="19.747" classname="tests.ItemDetailsTests"/>
  <testcase name="invalidLengthFieldValidations" time="15.688" classname="tests.ItemDetailsTests"/>
  <testcase name="validWidthFieldValidation" time="19.753" classname="tests.ItemDetailsTests"/>
  <testcase name="invalidWidthFieldValidations" time="15.862" classname="tests.ItemDetailsTests"/>
  <testcase name="validHeightFieldValidation" time="19.861" classname="tests.ItemDetailsTests"/>
  <testcase name="invalidHeightFieldValidations" time="15.791" classname="tests.ItemDetailsTests"/>
  <testcase name="validWeightFieldValidation" time="19.812" classname="tests.ItemDetailsTests"/>
  <testcase name="invalidWeightFieldValidations" time="15.887" classname="tests.ItemDetailsTests"/>
  <testcase name="validCommodityFieldValidation" time="26.437" classname="tests.ItemDetailsTests"/>
  <testcase name="invalidCommodityFieldValidations" time="18.902" classname="tests.ItemDetailsTests"/>
</testsuite> <!-- ItemDetailsSection -->
