<?xml version="1.0" encoding="UTF-8"?>
<!-- Generated by org.testng.reporters.JUnitXMLReporter -->
<testsuite hostname="DOLAP146" ignored="0" name="ItemDetailsSection" tests="15" failures="0" timestamp="07 Jan 2019 12:19:44 GMT" time="390.763" errors="0">
  <testcase name="validQuantityFieldValidation" time="19.715" classname="tests.ItemDetailsTests"/>
  <testcase name="invalidQuantityFieldValidations" time="15.796" classname="tests.ItemDetailsTests"/>
  <testcase name="packagingTypeValidation" time="7.853" classname="tests.ItemDetailsTests"/>
  <testcase name="classFieldValidation" time="7.847" classname="tests.ItemDetailsTests"/>
  <testcase name="stackableFieldValidation" time="7.499" classname="tests.ItemDetailsTests"/>
  <testcase name="validLengthFieldValidation" time="19.8" classname="tests.ItemDetailsTests"/>
  <testcase name="invalidLengthFieldValidations" time="15.695" classname="tests.ItemDetailsTests"/>
  <testcase name="validWidthFieldValidation" time="19.708" classname="tests.ItemDetailsTests"/>
  <testcase name="invalidWidthFieldValidations" time="15.846" classname="tests.ItemDetailsTests"/>
  <testcase name="validHeightFieldValidation" time="19.811" classname="tests.ItemDetailsTests"/>
  <testcase name="invalidHeightFieldValidations" time="15.795" classname="tests.ItemDetailsTests"/>
  <testcase name="validWeightFieldValidation" time="19.767" classname="tests.ItemDetailsTests"/>
  <testcase name="invalidWeightFieldValidations" time="15.786" classname="tests.ItemDetailsTests"/>
  <testcase name="validCommodityFieldValidation" time="23.452" classname="tests.ItemDetailsTests"/>
  <testcase name="invalidCommodityFieldValidations" time="17.64" classname="tests.ItemDetailsTests"/>
</testsuite> <!-- ItemDetailsSection -->
