<?xml version="1.0" encoding="UTF-8"?>
<!-- Generated by org.testng.reporters.JUnitXMLReporter -->
<testsuite hostname="DOLAP146" ignored="0" name="ItemAdditionDeletion" tests="4" failures="0" timestamp="07 Jan 2019 12:23:28 GMT" time="139.673" errors="0">
  <testcase name="verifyAddItemBtn" time="3.126" classname="tests.ItemAddDeleteFunctionalityTests"/>
  <testcase name="clickAddItemOnce" time="7.367" classname="tests.ItemAddDeleteFunctionalityTests"/>
  <testcase name="clickAdd5times" time="20.037" classname="tests.ItemAddDeleteFunctionalityTests"/>
  <testcase name="deleteItemFunctionality" time="70.692" classname="tests.ItemAddDeleteFunctionalityTests"/>
</testsuite> <!-- ItemAdditionDeletion -->
