<?xml version="1.0" encoding="UTF-8"?>
<!-- Generated by org.testng.reporters.JUnitXMLReporter -->
<testsuite hostname="DOSYSNETS081" ignored="0" name="OriginSection" tests="4" failures="0" timestamp="04 Feb 2019 11:21:39 GMT" time="105.192" errors="0">
  <testcase name="originZipValidation" time="17.909" classname="tests.OriginDetailsValidationTests"/>
  <testcase name="originCityValidation" time="8.694" classname="tests.OriginDetailsValidationTests"/>
  <testcase name="originStateCountryValidation" time="8.248" classname="tests.OriginDetailsValidationTests"/>
  <testcase name="verifyCurrentDate" time="6.058" classname="tests.OriginDetailsValidationTests"/>
</testsuite> <!-- OriginSection -->
