<?xml version="1.0" encoding="UTF-8"?>
<!-- Generated by org.testng.reporters.JUnitXMLReporter -->
<testsuite hostname="DOLAP146" ignored="0" name="OriginSection" tests="4" failures="0" timestamp="29 Jan 2019 09:58:00 GMT" time="81.851" errors="0">
  <testcase name="originZipValidation" time="17.997" classname="tests.OriginDetailsValidationTests"/>
  <testcase name="originCityValidation" time="8.647" classname="tests.OriginDetailsValidationTests"/>
  <testcase name="originStateCountryValidation" time="7.96" classname="tests.OriginDetailsValidationTests"/>
  <testcase name="verifyCurrentDate" time="6.057" classname="tests.OriginDetailsValidationTests"/>
</testsuite> <!-- OriginSection -->
