<?xml version="1.0" encoding="UTF-8"?>
<!-- Generated by org.testng.reporters.JUnitXMLReporter -->
<testsuite hostname="DOSYSNETS081" ignored="0" name="Screen2Validation" tests="2" failures="0" timestamp="04 Feb 2019 11:39:30 GMT" time="128.239" errors="0">
  <testcase name="getQuoteWithAllFieldBlank" time="17.733" classname="tests.ShipmentSummaryFunctionalTest"/>
  <testcase name="getQuoteFunctionalityTest" time="84.603" classname="tests.ShipmentSummaryFunctionalTest"/>
</testsuite> <!-- Screen2Validation -->
