<?xml version="1.0" encoding="UTF-8"?>
<!-- Generated by org.testng.reporters.JUnitXMLReporter -->
<testsuite hostname="DOLAP146" ignored="0" name="Screen2Validation" tests="2" failures="0" timestamp="29 Jan 2019 10:14:35 GMT" time="154.965" errors="0">
  <testcase name="getQuoteWithAllFieldBlank" time="17.307" classname="tests.ShipmentSummaryFunctionalTest"/>
  <testcase name="getQuoteFunctionalityTest" time="118.534" classname="tests.ShipmentSummaryFunctionalTest"/>
</testsuite> <!-- Screen2Validation -->
