<?xml version="1.0" encoding="UTF-8"?>
<!-- Generated by org.testng.reporters.JUnitXMLReporter -->
<testsuite hostname="DOSYSNETS081" ignored="0" name="ShipmentDetailsSection" tests="4" failures="0" timestamp="30 Jan 2019 10:15:58 GMT" time="73.652" errors="0">
  <testcase name="payerFieldValidation" time="6.078" classname="tests.ShipmentDetailsTests"/>
  <testcase name="paymentTermsFieldValidation" time="4.508" classname="tests.ShipmentDetailsTests"/>
  <testcase name="validLinearFeetValidation" time="17.214" classname="tests.ShipmentDetailsTests"/>
  <testcase name="invalidLinearFeetValidation" time="16.313" classname="tests.ShipmentDetailsTests"/>
</testsuite> <!-- ShipmentDetailsSection -->
