<?xml version="1.0" encoding="UTF-8"?>
<!-- Generated by org.testng.reporters.JUnitXMLReporter -->
<testsuite hostname="DOLAP146" ignored="0" name="ShipmentDetailsSection" tests="4" failures="0" timestamp="29 Jan 2019 10:00:25 GMT" time="80.793" errors="0">
  <testcase name="payerFieldValidation" time="5.831" classname="tests.ShipmentDetailsTests"/>
  <testcase name="paymentTermsFieldValidation" time="4.147" classname="tests.ShipmentDetailsTests"/>
  <testcase name="validLinearFeetValidation" time="16.855" classname="tests.ShipmentDetailsTests"/>
  <testcase name="invalidLinearFeetValidation" time="16.001" classname="tests.ShipmentDetailsTests"/>
</testsuite> <!-- ShipmentDetailsSection -->
