<?xml version="1.0" encoding="UTF-8"?>
<!-- Generated by org.testng.reporters.JUnitXMLReporter -->
<testsuite hostname="DOSYSNETS081" ignored="0" name="TotalWeightPackagingUnitsFunctionality" tests="2" failures="0" timestamp="04 Feb 2019 11:34:36 GMT" time="83.16" errors="0">
  <testcase name="totalPackagingUnitValidation" time="23.676" classname="tests.TotalWeightPackagingUnitsFunctionalTests"/>
  <testcase name="totalShipmentWeightValidation" time="35.076" classname="tests.TotalWeightPackagingUnitsFunctionalTests"/>
</testsuite> <!-- TotalWeightPackagingUnitsFunctionality -->
